<?xml version="1.0" encoding="UTF-8"?>
<!-- Generated by org.testng.reporters.JUnitReportReporter -->
<testsuite skipped="0" hostname="WKMIN2856748" name="test.UITest" tests="2" failures="0" timestamp="2019-11-22T16:50:05 GMT" time="4.041" errors="0">
  <testcase name="GoogleSearch_TC2" time="2.251" classname="test.UITest"/>
  <testcase name="GoogleSearch_TC1" time="1.790" classname="test.UITest"/>
</testsuite> <!-- test.UITest -->
